<?xml version="1.0" encoding="UTF-8"?>
<!-- Generated by org.testng.reporters.JUnitXMLReporter -->
<testsuite hostname="LAPTOP-4QEVCKI3" ignored="0" name="Test" tests="6" failures="0" timestamp="2020-05-08T06:50:48 IST" time="0.098" errors="0">
  <testcase name="Demo" time="0.019" classname="test.day1"/>
  <testcase name="Demo1" time="0.0" classname="test.day1"/>
  <testcase name="Demo3" time="0.0" classname="test.day2"/>
  <testcase name="Demo4" time="0.0" classname="test.day2"/>
  <testcase name="Demo3" time="0.0" classname="test.day3"/>
  <testcase name="Demofinal" time="0.0" classname="test.day4"/>
</testsuite> <!-- Test -->
