<?xml version="1.0" encoding="UTF-8"?>
<!-- Generated by org.testng.reporters.JUnitXMLReporter -->
<testsuite hostname="LAPTOP-4QEVCKI3" ignored="0" name="Personnel loan" tests="6" failures="0" timestamp="2020-05-09T17:31:14 IST" time="0.089" errors="0">
  <testcase name="Demo1" time="0.016" classname="test.day1"/>
  <testcase name="Mobilenew" time="0.0" classname="test.day1"/>
  <testcase name="mobileold" time="0.0" classname="test.day1"/>
  <testcase name="Demo3" time="0.0" classname="test.day2"/>
  <testcase name="Demo4" time="0.0" classname="test.day2"/>
  <testcase name="Demofinal" time="0.0" classname="test.day4"/>
</testsuite> <!-- Personnel loan -->
